1500,-5235,-7579
1440,-5295,-7702
1500,-5325,-7522
1470,-5303,-7624
1443,-5305,-7627
1447,-5294,-7609
1451,-5282,-7605
1443,-5264,-7619
1449,-5267,-7600
1455,-5232,-7610
1436,-5228,-7584
1438,-5192,-7583
1440,-5196,-7576
1447,-5204,-7594
1466,-5205,-7602
1479,-5226,-7621
1468,-5222,-7629
1466,-5226,-7610
1479,-5226,-7616
1483,-5211,-7612
1471,-5194,-7602
1477,-5181,-7611
1453,-5190,-7598
1428,-5189,-7594
1400,-5144,-7586
1335,-5097,-7593
1280,-5027,-7600
1183,-4941,-7650
1140,-4909,-7679
1059,-4808,-7690
978,-4699,-7664
909,-4590,-7688
825,-4469,-7683
765,-4367,-7684
691,-4257,-7705
615,-4112,-7716
547,-3940,-7731
457,-3749,-7752
431,-3653,-7754
361,-3473,-7767
300,-3272,-7770
260,-3077,-7711
226,-2944,-7708
223,-2830,-7693
215,-2796,-7681
238,-2775,-7714
223,-2727,-7713
200,-2648,-7736
206,-2492,-7731
211,-2288,-7744
225,-2072,-7782
253,-1971,-7801
273,-1780,-7839
283,-1626,-7845
301,-1532,-7835
322,-1433,-7816
348,-1371,-7799
375,-1322,-7772
416,-1262,-7772
448,-1172,-7736
468,-1065,-7732
515,-940,-7768
564,-801,-7760
594,-745,-7783
652,-662,-7787
706,-578,-7810
746,-507,-7788
785,-443,-7789
834,-366,-7767
905,-295,-7738
960,-216,-7743
1036,-139,-7735
1151,-25,-7749
1235,80,-7755
1338,178,-7762
1426,275,-7772
1468,343,-7785
1503,367,-7806
1586,433,-7814
1681,487,-7810
1790,534,-7793
1916,592,-7789
2055,691,-7768
2186,780,-7774
2334,868,-7769
2461,924,-7785
2585,967,-7766
2711,1005,-7759
2818,1038,-7767
2930,1085,-7754
3039,1110,-7781
3127,1119,-7784
3230,1126,-7766
3286,1126,-7764
3378,1132,-7725
3474,1125,-7721
3556,1125,-7735
3628,1110,-7750
3701,1121,-7751
3776,1110,-7770
3845,1104,-7753
3930,1095,-7741
4006,1102,-7736
4093,1110,-7750
4158,1100,-7749
4243,1093,-7721
4351,1070,-7717
4486,1076,-7707
4605,1098,-7708
4653,1121,-7699
4698,1153,-7671
4747,1141,-7644
4755,1134,-7633
4798,1132,-7618
4828,1115,-7626
4867,1115,-7643
4942,1104,-7642
5000,1076,-7661
5068,1048,-7665
5141,1025,-7615
5186,973,-7631
5233,920,-7611
5265,856,-7612
5287,787,-7674
5311,740,-7663
5341,688,-7672
5388,656,-7664
5396,616,-7643
5480,570,-7640
5540,560,-7624
5617,562,-7601
5677,590,-7579
5780,594,-7585
5874,598,-7562
5947,551,-7539
6033,485,-7543
6110,429,-7544
6196,346,-7524
6298,285,-7554
6369,234,-7539
6461,161,-7517
6525,125,-7511
6583,60,-7500
6650,-34,-7506
6706,-122,-7518
6759,-224,-7536
6840,-319,-7504
6918,-417,-7483
6956,-484,-7466
7021,-572,-7456
7038,-627,-7477
7063,-651,-7511
7100,-694,-7515
7096,-696,-7523
7110,-711,-7504
7095,-707,-7509
7089,-711,-7501
7100,-743,-7510
7136,-775,-7506
7181,-839,-7481
7216,-895,-7486
7243,-964,-7484
7243,-1035,-7501
7263,-1088,-7484
7295,-1152,-7419
7316,-1185,-7419
7338,-1234,-7390
7351,-1365,-7409
7398,-1455,-7426
7447,-1590,-7421
7500,-1720,-7435
7531,-1842,-7458
7518,-1965,-7470
7528,-2059,-7446
7515,-2144,-7423
7531,-2185,-7375
7546,-2228,-7365
7561,-2279,-7389
7580,-2367,-7402
7571,-2462,-7420
7584,-2565,-7390
7563,-2631,-7370
7571,-2654,-7351
7563,-2670,-7359
7548,-2680,-7390
7537,-2699,-7388
7552,-2708,-7429
7552,-2738,-7434
7571,-2738,-7418
7571,-2744,-7444
7554,-2789,-7438
7535,-2824,-7455
7503,-2860,-7445
7520,-2909,-7427
7522,-2922,-7417
7530,-2965,-7373
7537,-3047,-7384
7526,-3126,-7374
7507,-3222,-7366
7501,-3306,-7358
7460,-3390,-7350
7434,-3469,-7323
7411,-3550,-7326
7385,-3615,-7331
7385,-3629,-7321
7372,-3647,-7351
7363,-3647,-7366
7380,-3632,-7400
7357,-3657,-7421
7353,-3702,-7392
7336,-3752,-7371
7305,-3814,-7354
7297,-3863,-7333
7275,-3891,-7372
7246,-3908,-7351
7239,-3921,-7336
7241,-3932,-7313
7254,-3989,-7308
7231,-4030,-7332
7216,-4097,-7365
7177,-4185,-7409
7138,-4262,-7428
7113,-4345,-7430
7063,-4395,-7421
7038,-4424,-7412
7012,-4437,-7423
6993,-4442,-7420
6999,-4461,-7443
6971,-4500,-7449
6948,-4592,-7429
6864,-4669,-7421
6789,-4780,-7415
6703,-4887,-7394
6596,-5020,-7384
6493,-5160,-7372
6376,-5280,-7385
6258,-5376,-7390
6108,-5455,-7406
5970,-5541,-7407
5820,-5627,-7382
5681,-5693,-7367
5565,-5779,-7372
5416,-5839,-7365
5266,-5888,-7373
5096,-5985,-7402
4914,-6032,-7405
4687,-6109,-7429
4548,-6119,-7451
4410,-6137,-7431
4273,-6150,-7430
4044,-6154,-7452
3903,-6169,-7448
3727,-6162,-7453
3592,-6154,-7440
3448,-6171,-7443
3296,-6128,-7448
3198,-6096,-7464
3063,-6049,-7488
3005,-6025,-7499
2975,-6027,-7506
2947,-6034,-7473
2908,-6000,-7458
2853,-5978,-7454
2763,-5946,-7469
2690,-5922,-7489
2608,-5920,-7509
2565,-5890,-7523
2518,-5882,-7490
2476,-5875,-7491
2446,-5850,-7478
2396,-5835,-7502
2323,-5790,-7531
2289,-5762,-7509
2259,-5740,-7516
2251,-5714,-7477
2263,-5712,-7455
2251,-5719,-7440
2255,-5736,-7418
2266,-5753,-7433
2259,-5755,-7445
2276,-5729,-7448
2263,-5695,-7465
2259,-5663,-7464
2225,-5655,-7450
2199,-5652,-7454
2175,-5654,-7440
2146,-5669,-7430
2178,-5689,-7466
2210,-5714,-7463
2212,-5727,-7463
2205,-5721,-7456
2171,-5704,-7464
2122,-5676,-7448
2083,-5642,-7430
2019,-5627,-7433
1983,-5624,-7438
1953,-5631,-7468
1968,-5629,-7464
1935,-5603,-7431
1918,-5565,-7422
1876,-5522,-7414
1743,-5425,-7446
1640,-5337,-7490
1509,-5220,-7516
1419,-5147,-7517
1316,-5065,-7514
1252,-5016,-7520
1196,-4979,-7513
1132,-4890,-7514
1076,-4797,-7527
995,-4703,-7503
939,-4605,-7523
875,-4500,-7529
750,-4350,-7537
723,-4229,-7560
675,-4178,-7552
665,-4120,-7524
648,-4105,-7557
616,-4071,-7550
585,-4015,-7559
556,-3957,-7588
519,-3867,-7563
495,-3797,-7580
468,-3675,-7607
401,-3638,-7621
363,-3587,-7618
345,-3537,-7597
322,-3460,-7606
298,-3353,-7603
268,-3246,-7641
247,-2985,-7627
215,-2817,-7656
217,-2642,-7650
215,-2528,-7654
196,-2487,-7645
187,-2457,-7641
196,-2434,-7595
202,-2370,-7612
200,-2284,-7635
217,-2185,-7632
228,-2067,-7658
256,-1999,-7675
268,-1975,-7680
251,-1956,-7670
241,-1935,-7688
206,-1907,-7675
204,-1868,-7682
206,-1836,-7722
198,-1802,-7706
217,-1800,-7702
208,-1797,-7676
215,-1787,-7645
226,-1797,-7639
247,-1767,-7653
262,-1774,-7633
266,-1770,-7614
255,-1739,-7607
271,-1686,-7574
298,-1604,-7587
309,-1510,-7610
346,-1390,-7639
354,-1300,-7658
363,-1247,-7649
375,-1195,-7655
401,-1139,-7652
459,-972,-7654
502,-880,-7684
541,-794,-7677
568,-732,-7708
603,-642,-7697
661,-572,-7701
676,-550,-7713
688,-552,-7698
712,-539,-7696
710,-524,-7711
727,-473,-7723
761,-402,-7718
787,-362,-7735
830,-319,-7680
862,-274,-7671
905,-220,-7660
984,-107,-7641
1018,-70,-7678
1046,-23,-7686
1068,-4,-7716
1104,31,-7675
1166,116,-7691
1196,150,-7694
1239,178,-7733
1305,234,-7685
1353,264,-7672
1389,316,-7648
1438,335,-7658
1530,397,-7658
1646,474,-7692
1719,523,-7700
1785,579,-7708
1828,607,-7760
1884,635,-7743
1938,673,-7721
2011,714,-7682
2064,740,-7683
2137,776,-7651
2184,808,-7653
2263,881,-7620
2383,916,-7647
2463,963,-7652
2527,1005,-7642
2580,1029,-7651
2628,1044,-7662
2656,1046,-7695
2711,1076,-7678
2767,1123,-7657
2833,1132,-7663
2891,1125,-7707
2934,1134,-7718
2992,1140,-7729
3046,1156,-7674
3078,1175,-7651
3108,1181,-7613
3118,1190,-7608
3165,1186,-7600
3247,1185,-7603
3318,1170,-7621
3399,1185,-7626
3498,1209,-7636
3568,1222,-7644
3637,1246,-7652
3690,1245,-7685
3721,1252,-7668
3785,1233,-7668
3905,1228,-7669
4053,1192,-7665
4130,1173,-7680
4237,1173,-7663
4288,1179,-7648
4357,1170,-7653
4434,1149,-7653
4516,1141,-7655
4640,1100,-7647
4740,1096,-7615
4822,1055,-7609
4929,1027,-7584
5100,971,-7603
5210,941,-7610
5310,901,-7628
5385,855,-7621
5501,823,-7595
5572,778,-7586
5625,746,-7565
5647,727,-7557
5737,676,-7557
5848,601,-7569
5941,526,-7570
6020,450,-7555
6035,436,-7590
6041,414,-7572
6030,423,-7560
6039,416,-7565
6031,412,-7546
6031,429,-7553
6041,435,-7541
6026,444,-7534
6063,446,-7485
6056,436,-7515
6067,438,-7541
6067,425,-7568
6063,427,-7609
6061,427,-7601
6086,412,-7601
6110,386,-7576
6228,303,-7587
6315,221,-7582
6371,165,-7593
6354,151,-7617
6388,131,-7609
6403,135,-7623
6431,103,-7569
6468,65,-7545
6485,43,-7561
6480,65,-7527
6485,61,-7531
6506,41,-7539
6525,16,-7521
6553,-40,-7537
6571,-83,-7537
6622,-120,-7534
6650,-134,-7532
6673,-171,-7509
6729,-244,-7544
6781,-291,-7553
6853,-357,-7568
6879,-390,-7558
6928,-437,-7532
6967,-494,-7519
7003,-552,-7487
7044,-638,-7506
7055,-702,-7493
7072,-762,-7484
7100,-820,-7501
7140,-912,-7458
7166,-975,-7478
7201,-1065,-7495
7239,-1184,-7461
7293,-1300,-7438
7331,-1416,-7392
7380,-1530,-7445
7441,-1720,-7429
7456,-1842,-7418
7462,-2054,-7380
7470,-2134,-7393
7477,-2196,-7388
7488,-2260,-7405
7513,-2335,-7391
7524,-2380,-7404
7535,-2455,-7387
7541,-2509,-7378
7539,-2650,-7397
7556,-2708,-7394
7545,-2790,-7406
7556,-2880,-7426
7552,-2931,-7391
7560,-2957,-7368
7543,-3025,-7386
7509,-3059,-7395
7488,-3094,-7431
7464,-3203,-7435
7483,-3295,-7425
7488,-3394,-7403
7471,-3563,-7404
7410,-3672,-7412
7372,-3799,-7397
7325,-3929,-7402
7293,-4043,-7422
7273,-4086,-7408
7237,-4110,-7413
7235,-4107,-7383
7235,-4105,-7342
7224,-4112,-7354
7222,-4101,-7384
7216,-4120,-7414
7192,-4131,-7404
7170,-4176,-7390
7138,-4242,-7374
7149,-4279,-7398
7076,-4395,-7399
6982,-4547,-7420
6851,-4718,-7416
6718,-4883,-7420
6519,-5114,-7381
6378,-5277,-7377
6189,-5410,-7381
5919,-5610,-7391
5694,-5715,-7391
5501,-5826,-7390
5238,-5948,-7390
5103,-5991,-7397
5015,-6012,-7387
4886,-6036,-7398
4736,-6089,-7403
4621,-6156,-7403
4481,-6190,-7397
4383,-6203,-7426
4278,-6218,-7455
4121,-6209,-7446
4029,-6205,-7424
3933,-6201,-7425
3817,-6224,-7432
3714,-6214,-7414
3611,-6224,-7457
3506,-6177,-7451
3436,-6177,-7474
3442,-6175,-7462
3395,-6194,-7441
3431,-6194,-7433
3418,-6194,-7433
3416,-6180,-7452
3365,-6182,-7460
3356,-6167,-7489
3311,-6160,-7509
3313,-6171,-7513
3322,-6167,-7505
3331,-6190,-7490
3316,-6195,-7484
3273,-6190,-7458
3155,-6128,-7461
3073,-6105,-7424
3005,-6045,-7450
2917,-6023,-7466
2870,-6019,-7486
2863,-6023,-7490
2846,-6045,-7497
2829,-6029,-7478
2769,-6002,-7538
2688,-5970,-7524
2611,-5954,-7540
2510,-5903,-7479
2450,-5901,-7495
2439,-5880,-7502
2422,-5862,-7533
2396,-5839,-7539
2353,-5811,-7506
2304,-5772,-7472
2280,-5760,-7464
2242,-5747,-7493
2210,-5742,-7506
2148,-5725,-7513
2124,-5723,-7483
2124,-5736,-7510
2086,-5699,-7510
2077,-5650,-7508
2040,-5616,-7508
1983,-5614,-7532
1955,-5609,-7539
1933,-5603,-7506
1910,-5575,-7491
1886,-5539,-7501
1865,-5537,-7523
1818,-5500,-7530
1807,-5492,-7522
1781,-5472,-7527
1717,-5438,-7511
1636,-5387,-7519
1524,-5320,-7511
1460,-5275,-7514
1396,-5209,-7517
1308,-5134,-7527
1239,-5070,-7522
1151,-4990,-7558
1018,-4874,-7584
943,-4772,-7601
858,-4647,-7616
783,-4564,-7592
733,-4457,-7586
641,-4274,-7611
564,-4110,-7634
478,-3960,-7645
440,-3857,-7632
373,-3737,-7646
328,-3552,-7643
290,-3413,-7654
256,-3192,-7674
198,-3021,-7669
159,-2879,-7691
155,-2655,-7714
151,-2526,-7744
168,-2406,-7734
155,-2241,-7721
178,-2138,-7691
181,-1934,-7704
213,-1815,-7702
223,-1658,-7750
270,-1534,-7737
307,-1420,-7757
386,-1249,-7776
431,-1124,-7750
453,-1028,-7749
476,-934,-7701
465,-893,-7718
500,-831,-7727
523,-771,-7695
549,-722,-7690
601,-664,-7687
628,-653,-7750
648,-602,-7766
671,-585,-7781
675,-563,-7694
705,-524,-7669
736,-482,-7687
763,-400,-7718
798,-347,-7782
815,-310,-7793
883,-239,-7805
930,-164,-7764
1001,-83,-7741
1063,1,-7726
1108,50,-7724
1140,93,-7731
1173,125,-7725
1243,172,-7744
1299,208,-7754
1335,256,-7761
1389,352,-7745
1411,380,-7702
1451,403,-7678
1486,418,-7661
1505,438,-7702
1539,466,-7719
1550,465,-7719
1582,483,-7718
1608,496,-7710
1638,519,-7735
1674,541,-7723
1685,558,-7714
1738,603,-7660
1771,622,-7662
1815,624,-7665
1833,626,-7688
1841,630,-7688
1843,650,-7675
1876,684,-7651
1916,710,-7676
1976,744,-7685
2051,795,-7675
2071,815,-7689
2094,836,-7680
2111,853,-7684
2143,851,-7691
2160,843,-7694
2188,841,-7701
2220,851,-7671
2285,873,-7654
2340,871,-7645
2360,866,-7675
2355,871,-7675
2362,883,-7728
2405,933,-7717
2469,967,-7704
2533,995,-7695
2595,1012,-7709
2675,1020,-7704
2746,1035,-7713
2861,1072,-7710
3024,1110,-7671
3146,1130,-7677
3243,1138,-7717
3354,1153,-7729
3450,1186,-7712
3555,1194,-7657
3658,1201,-7644
3695,1205,-7678
3746,1201,-7677
3768,1183,-7716
3787,1186,-7714
3858,1173,-7732
3995,1186,-7692
4110,1188,-7675
4228,1188,-7658
4350,1186,-7646
4389,1166,-7631
4413,1164,-7634
4458,1170,-7641
4635,1130,-7680
4815,1081,-7668
4998,1018,-7648
5210,916,-7637
5255,885,-7622
5272,903,-7651
5259,903,-7647
5276,903,-7662
5341,871,-7651
5463,849,-7609
5576,806,-7593
5668,753,-7552
5805,660,-7565
5863,624,-7561
5938,581,-7583
5945,560,-7554
5958,541,-7573
5998,502,-7559
6136,371,-7587
6268,270,-7570
6418,138,-7552
6476,95,-7557
6474,46,-7546
6493,50,-7539
6517,16,-7514
6560,-10,-7540
6598,-53,-7547
6618,-85,-7560
6682,-145,-7523
6716,-192,-7514
6759,-250,-7525
6800,-302,-7496
6830,-302,-7515
6845,-300,-7485
6841,-306,-7507
6858,-334,-7496
6877,-402,-7524
6909,-479,-7523
6935,-529,-7539
6997,-604,-7532
7025,-647,-7512
7068,-694,-7512
7076,-722,-7490
7087,-780,-7485
7100,-831,-7478
7140,-895,-7458
7190,-957,-7443
7254,-1080,-7427
7276,-1133,-7444
7291,-1223,-7469
7310,-1270,-7492
7338,-1317,-7486
7355,-1392,-7477
7383,-1440,-7478
7408,-1577,-7475
7432,-1658,-7472
7470,-1789,-7480
7483,-1892,-7484
7490,-1934,-7442
7503,-2007,-7448
7530,-2046,-7438
7520,-2089,-7425
7528,-2175,-7412
7524,-2241,-7392
7539,-2307,-7364
7545,-2378,-7366
7524,-2432,-7387
7513,-2554,-7420
7520,-2624,-7434
7518,-2676,-7417
7533,-2774,-7420
7522,-2864,-7389
7513,-2959,-7347
7490,-3038,-7349
7507,-3128,-7341
7509,-3186,-7331
7471,-3255,-7338
7460,-3342,-7405
7453,-3383,-7413
7453,-3450,-7424
7434,-3540,-7415
7402,-3623,-7400
7389,-3715,-7380
7376,-3765,-7363
7366,-3818,-7338
7336,-3857,-7344
7320,-3932,-7339
7258,-4037,-7329
7207,-4097,-7358
7155,-4185,-7353
7158,-4238,-7355
7121,-4292,-7346
7093,-4354,-7353
7072,-4392,-7347
7055,-4482,-7334
7008,-4542,-7337
6952,-4620,-7352
6883,-4714,-7382
6855,-4748,-7372
6808,-4793,-7374
6778,-4797,-7337
6765,-4825,-7304
6746,-4842,-7309
6729,-4877,-7336
6656,-4932,-7363
6573,-5035,-7367
6508,-5121,-7386
6380,-5245,-7413
6318,-5297,-7409
6258,-5344,-7397
6247,-5361,-7397
6241,-5378,-7413
6234,-5384,-7405
6208,-5376,-7399
6183,-5384,-7410
6168,-5415,-7430
6118,-5474,-7448
6080,-5489,-7460
6003,-5535,-7440
5981,-5550,-7429
5975,-5571,-7404
5953,-5582,-7400
5936,-5599,-7390
5891,-5599,-7401
5865,-5629,-7403
5778,-5665,-7373
5756,-5689,-7351
5685,-5729,-7380
5651,-5753,-7373
5600,-5774,-7360
5572,-5804,-7376
5551,-5790,-7368
5548,-5774,-7383
5565,-5764,-7413
5488,-5834,-7458
5443,-5860,-7417
5311,-5929,-7404
5236,-5961,-7394
5075,-6004,-7424
4921,-6060,-7421
4657,-6115,-7416
4490,-6139,-7422
4325,-6137,-7428
4260,-6160,-7393
4256,-6182,-7390
4267,-6195,-7386
4246,-6197,-7398
4209,-6199,-7425
4186,-6209,-7418
4156,-6192,-7433
4168,-6194,-7447
4209,-6175,-7458
4267,-6160,-7449
4284,-6154,-7419
4293,-6143,-7417
4333,-6145,-7399
4368,-6124,-7382
4406,-6128,-7382
4449,-6130,-7396
4458,-6135,-7426
4490,-6113,-7418
4522,-6094,-7409
4528,-6105,-7417
4554,-6122,-7424
4569,-6128,-7432
4558,-6122,-7417
4563,-6128,-7417
4575,-6105,-7397
4573,-6100,-7405
4563,-6087,-7423
4526,-6096,-7428
4513,-6124,-7433
4464,-6139,-7378
4428,-6137,-7374
4355,-6135,-7390
4293,-6149,-7408
4201,-6150,-7435
4081,-6165,-7452
3995,-6173,-7453
3838,-6205,-7435
3716,-6197,-7443
3600,-6192,-7445
3457,-6173,-7457
3333,-6135,-7470
3150,-6119,-7469
3045,-6094,-7451
2921,-6090,-7442
2750,-6012,-7498
2632,-5978,-7517
2452,-5895,-7533
2347,-5843,-7522
2193,-5764,-7492
2120,-5740,-7495
2081,-5738,-7493
2073,-5742,-7541
2098,-5719,-7578
2081,-5691,-7577
2045,-5672,-7589
1968,-5646,-7555
1921,-5609,-7566
1873,-5560,-7561
1828,-5524,-7568
1800,-5513,-7550
1715,-5425,-7590
1593,-5335,-7600
1535,-5288,-7604
1443,-5250,-7566
1381,-5207,-7543
1323,-5144,-7549
1314,-5065,-7581
1310,-5039,-7603
1258,-5003,-7606
1196,-4889,-7593
1018,-4757,-7595
855,-4574,-7628
776,-4532,-7666
744,-4440,-7679
733,-4399,-7667
718,-4315,-7649
646,-4236,-7655
633,-4204,-7648
622,-4137,-7646
592,-4060,-7643
556,-4011,-7631
528,-4028,-7658
511,-3994,-7661
489,-3960,-7713
451,-3805,-7704
448,-3752,-7700
412,-3653,-7675
384,-3627,-7709
354,-3546,-7706
331,-3480,-7730
294,-3375,-7702
292,-3300,-7707
266,-3270,-7676
255,-3263,-7691
226,-3242,-7695
226,-3184,-7719
225,-3094,-7697
206,-3002,-7724
196,-2959,-7705
172,-2897,-7722
165,-2837,-7717
168,-2805,-7731
163,-2706,-7720
168,-2642,-7741
163,-2560,-7754
159,-2511,-7785
151,-2477,-7762
151,-2453,-7765
136,-2453,-7776
159,-2429,-7752
161,-2361,-7739
172,-2282,-7711
166,-2130,-7728
185,-2007,-7709
200,-1947,-7703
221,-1885,-7704
240,-1759,-7693
238,-1682,-7695
245,-1542,-7713
277,-1439,-7712
322,-1264,-7728
388,-1110,-7764
421,-1009,-7757
493,-835,-7755
541,-728,-7716
562,-657,-7751
588,-614,-7723
603,-554,-7736
667,-497,-7718
761,-383,-7777
817,-274,-7825
830,-224,-7839
851,-164,-7821
864,-139,-7828
900,-100,-7792
960,-30,-7800
1005,18,-7765
1070,88,-7735
1110,123,-7767
1119,125,-7793
1162,123,-7792
1173,136,-7776
1211,176,-7798
1231,249,-7825
1331,318,-7807
1353,339,-7794
1372,350,-7794
1381,358,-7778
1380,352,-7786
1385,390,-7758
1374,393,-7762
1404,438,-7753
1468,459,-7755
1516,491,-7768
1545,523,-7781
1578,568,-7780
1595,564,-7791
1625,611,-7758
1666,654,-7764
1726,688,-7748
1760,705,-7776
1824,712,-7786
1845,731,-7801
1955,768,-7772
2135,866,-7780
2409,1023,-7805
2516,1078,-7805
2578,1098,-7792
2615,1089,-7780
2668,1104,-7783
2769,1138,-7758
2836,1162,-7771
2934,1183,-7755
2970,1185,-7790
2951,1183,-7803
2940,1185,-7791
2940,1231,-7764
2994,1243,-7769
3090,1265,-7760
3217,1256,-7739
3230,1265,-7739
3255,1261,-7732
3245,1258,-7747
3270,1248,-7743
3258,1246,-7752
3281,1245,-7769
3358,1256,-7745
3435,1280,-7701
3549,1318,-7695
3624,1318,-7694
3690,1295,-7716
3770,1284,-7689
3885,1291,-7713
4051,1288,-7782
4126,1273,-7774
4275,1231,-7747
4423,1228,-7699
4516,1220,-7679
4648,1201,-7686
4719,1153,-7677
4914,1132,-7687
5062,1065,-7690
5270,993,-7659
5390,945,-7618
5587,870,-7591
5696,789,-7570
5778,721,-7626
5855,652,-7595
5906,618,-7612
5911,605,-7595
5932,613,-7601
5923,609,-7582
5936,622,-7560
5934,609,-7582
5941,607,-7617
5962,603,-7601
5992,588,-7590
6022,571,-7571
6024,556,-7594
6013,558,-7621
6001,573,-7632
6001,592,-7624
5988,590,-7616
5960,568,-7613
5955,551,-7576
5979,525,-7581
6005,536,-7569
6005,536,-7626
6018,551,-7624
6069,515,-7610
6121,438,-7644
6198,384,-7631
6268,300,-7606
6326,264,-7587
6386,247,-7640
6397,240,-7632
6420,243,-7579
6427,210,-7554
6448,185,-7551
6474,112,-7578
6485,97,-7574
6491,129,-7581
6491,148,-7585
6498,150,-7562
6506,114,-7552
6496,99,-7552
6500,91,-7538
6510,86,-7504
6530,82,-7496
6549,90,-7484
6581,76,-7503
6615,31,-7463
6658,-38,-7513
6690,-64,-7521
6723,-92,-7524
6765,-134,-7492
6781,-164,-7471
6828,-218,-7459
6903,-364,-7478
6978,-437,-7493
7036,-450,-7524
7066,-516,-7495
7115,-608,-7486
7141,-711,-7433
7215,-852,-7466
7260,-947,-7513
7291,-992,-7496
7308,-1047,-7466
7308,-1105,-7464
7325,-1202,-7464
7350,-1292,-7478
7357,-1356,-7450
7372,-1472,-7479
7419,-1587,-7463
7445,-1677,-7507
7481,-1694,-7469
7498,-1770,-7456
7511,-1819,-7408
7526,-1860,-7418
7522,-1889,-7400
7507,-1896,-7411
7485,-1922,-7432
7496,-1922,-7472
7515,-1909,-7479
7516,-1900,-7468
7515,-1864,-7459
7513,-1868,-7459
7541,-1860,-7429
7548,-1870,-7444
7526,-1872,-7418
7530,-1913,-7426
7528,-1941,-7446
7548,-1973,-7440
7550,-1956,-7410
7516,-1964,-7406
7516,-1979,-7383
7541,-2042,-7400
7593,-2142,-7384
7590,-2277,-7392
7578,-2339,-7424
7560,-2369,-7452
7530,-2363,-7444
7535,-2427,-7420
7509,-2624,-7382
7530,-2805,-7327
7503,-3040,-7320
7494,-3205,-7351
7455,-3267,-7350
7451,-3300,-7355
7440,-3330,-7360
7387,-3420,-7382
7361,-3585,-7425
7171,-4049,-7412
6999,-4386,-7379
6802,-4718,-7390
6735,-4853,-7410
6761,-4808,-7413
6753,-4840,-7384
6695,-4881,-7379
6676,-4898,-7342
6680,-4885,-7345
6658,-4913,-7342
6633,-4928,-7363
6588,-4984,-7380
6553,-5007,-7403
6553,-5025,-7401
6570,-5052,-7386
6556,-5080,-7379
6493,-5136,-7420
6382,-5241,-7421
6305,-5333,-7421
6258,-5344,-7408
6243,-5337,-7403
6230,-5346,-7404
6215,-5380,-7357
6185,-5387,-7369
6170,-5372,-7387
6172,-5391,-7414
6135,-5432,-7427
5998,-5519,-7428
5853,-5609,-7430
5765,-5657,-7398
5602,-5807,-7422
5416,-5864,-7418
5328,-5922,-7414
5255,-5972,-7416
5231,-5982,-7424
5203,-5978,-7424
5178,-5969,-7388
5098,-6025,-7368
4933,-6077,-7431
4770,-6117,-7486
4556,-6139,-7507
4370,-6173,-7466
4230,-6207,-7446
4106,-6192,-7490
3930,-6222,-7464
3796,-6205,-7450
3594,-6224,-7439
3397,-6192,-7478
3191,-6167,-7485
3024,-6162,-7479
2915,-6149,-7500
2748,-6059,-7481
2623,-5970,-7480
2523,-5924,-7484
2431,-5925,-7539
2409,-5929,-7572
2405,-5914,-7553
2405,-5910,-7556
2403,-5899,-7538
2400,-5931,-7550
2415,-5931,-7595
2416,-5910,-7568
2433,-5916,-7574
2418,-5924,-7554
2482,-5961,-7565
2557,-5989,-7554
2578,-5974,-7548
2583,-5967,-7499
2576,-5965,-7514
2589,-5978,-7510
2576,-5959,-7570
2563,-5950,-7554
2574,-5957,-7518
2587,-5982,-7499
2570,-5967,-7503
2566,-5974,-7533
2542,-5965,-7553
2467,-5937,-7564
2368,-5858,-7560
2319,-5828,-7559
2257,-5800,-7570
2253,-5819,-7548
2259,-5843,-7526
2259,-5830,-7534
2251,-5785,-7569
2152,-5732,-7544
2101,-5723,-7548
2025,-5730,-7535
1993,-5725,-7560
2002,-5699,-7553
2013,-5667,-7555
1981,-5640,-7544
1940,-5605,-7581
1852,-5580,-7559
1822,-5552,-7566
1790,-5530,-7562
1723,-5504,-7582
1651,-5444,-7611
1590,-5357,-7612
1561,-5312,-7611
1492,-5256,-7644
1458,-5254,-7634
1404,-5247,-7649
1365,-5232,-7653
1351,-5170,-7636
1342,-5134,-7587
1284,-5102,-7571
1269,-5091,-7564
1226,-5044,-7585
1233,-5046,-7619
1205,-5044,-7631
1164,-5012,-7630
1128,-4941,-7614
1083,-4851,-7578
1016,-4774,-7581
898,-4647,-7613
873,-4596,-7656
853,-4547,-7632
825,-4512,-7651
780,-4485,-7657
796,-4437,-7655
800,-4412,-7643
776,-4384,-7632
729,-4339,-7635
712,-4298,-7637
697,-4257,-7641
680,-4266,-7645
669,-4253,-7651
693,-4260,-7660
710,-4259,-7684
716,-4184,-7712
673,-4167,-7702
635,-4159,-7679
579,-4159,-7672
562,-4148,-7643
562,-4110,-7668
541,-4041,-7674
465,-3899,-7666
418,-3767,-7659
375,-3655,-7646
354,-3507,-7682
324,-3473,-7681
277,-3428,-7696
277,-3321,-7696
243,-3233,-7687
206,-3100,-7656
193,-3049,-7708
189,-3021,-7711
196,-3014,-7733
213,-3025,-7692
232,-2991,-7717
217,-2920,-7704
183,-2832,-7743
151,-2738,-7725
150,-2654,-7722
142,-2580,-7724
121,-2549,-7746
131,-2481,-7691
135,-2442,-7697
144,-2391,-7676
120,-2370,-7737
133,-2327,-7719
155,-2194,-7757
163,-2010,-7751
159,-1847,-7779
183,-1677,-7782
193,-1598,-7770
210,-1564,-7728
228,-1499,-7711
268,-1390,-7711
315,-1215,-7753
352,-1139,-7747
388,-1049,-7735
397,-987,-7737
414,-972,-7767
455,-872,-7801
478,-792,-7816
476,-726,-7807
491,-683,-7776
510,-644,-7782
592,-527,-7765
613,-501,-7749
611,-484,-7757
598,-471,-7767
611,-435,-7788
639,-428,-7781
637,-467,-7774
652,-447,-7757
676,-428,-7757
693,-398,-7753
733,-360,-7736
716,-349,-7761
693,-329,-7724
714,-276,-7703
793,-175,-7702
920,-36,-7760
984,41,-7756
1038,108,-7772
1076,129,-7760
1102,174,-7761
1166,249,-7773
1248,345,-7773
1308,410,-7778
1338,463,-7768
1393,506,-7800
1526,598,-7810
1569,596,-7786
1650,639,-7773
1704,699,-7755
1803,785,-7803
1981,873,-7786
2092,939,-7760
2208,988,-7749
2281,1020,-7744
2351,1042,-7805
2467,1072,-7817
2623,1151,-7772
2763,1207,-7733
2827,1246,-7727
2861,1260,-7753
2853,1254,-7809
2857,1246,-7795
2921,1245,-7775
3080,1273,-7749
3198,1282,-7762
3294,1288,-7730
3311,1329,-7718
3300,1325,-7725
3341,1329,-7732
3436,1338,-7742
3637,1344,-7739
3729,1314,-7756
3774,1301,-7742
3810,1308,-7763
3900,1303,-7743
3988,1303,-7771
4035,1321,-7751
4108,1336,-7738
4211,1336,-7730
4269,1308,-7775
4331,1293,-7770
4436,1273,-7739
4541,1252,-7730
4601,1228,-7749
4653,1218,-7745
4653,1224,-7752
4691,1248,-7717
4719,1215,-7681
4803,1181,-7691
4848,1153,-7676
4863,1162,-7650
4869,1170,-7660
4921,1177,-7645
5015,1123,-7693
5098,1081,-7675
5111,1050,-7665
5115,1036,-7612
5116,1040,-7609
5171,1020,-7620
5231,993,-7641
5287,967,-7653
5311,967,-7615
5310,956,-7624
5313,931,-7604
5360,939,-7566
5392,933,-7562
5514,900,-7572
5581,855,-7550
5634,832,-7592
5664,808,-7607
5713,795,-7603
5735,770,-7604
5793,744,-7592
5844,706,-7603
5938,654,-7574
5973,650,-7580
5983,600,-7582
6031,586,-7600
6118,510,-7576
6187,401,-7548
6255,315,-7557
6326,251,-7532
6427,191,-7525
6525,86,-7523
6641,-29,-7520
6729,-122,-7517
6757,-214,-7502
6806,-246,-7547
6866,-310,-7540
6928,-400,-7505
6984,-475,-7468
7033,-495,-7480
7072,-548,-7504
7108,-589,-7466
7149,-698,-7469
7196,-786,-7468
7246,-930,-7472
7275,-1052,-7467
7318,-1167,-7433
7351,-1229,-7416
7359,-1317,-7438
7368,-1420,-7462
7400,-1525,-7439
7432,-1577,-7410
7440,-1632,-7404
7449,-1664,-7424
7466,-1673,-7420
7477,-1701,-7421
7483,-1735,-7422
7490,-1819,-7416
7501,-2020,-7430
7535,-2136,-7392
7552,-2241,-7374
7543,-2301,-7315
7545,-2440,-7346
7571,-2549,-7367
7541,-2657,-7353
7561,-2783,-7385
7533,-2907,-7341
7503,-2918,-7316
7488,-2993,-7338
7488,-3072,-7318
7462,-3304,-7276
7455,-3454,-7307
7408,-3531,-7344
7380,-3619,-7336
7363,-3615,-7354
7387,-3608,-7391
7383,-3642,-7366
7380,-3657,-7330
7348,-3704,-7395
7365,-3737,-7425
7366,-3788,-7382
7372,-3846,-7336
7288,-3940,-7284
7220,-4045,-7303
7175,-4146,-7351
7143,-4245,-7382
7059,-4392,-7335
6995,-4499,-7328
6898,-4604,-7352
6841,-4673,-7386
6768,-4793,-7393
6731,-4879,-7381
6656,-4924,-7347
6603,-4958,-7344
6541,-4995,-7370
6502,-5054,-7327
6481,-5091,-7321
6472,-5138,-7356
6465,-5166,-7372
6453,-5192,-7374
6405,-5237,-7367
6367,-5250,-7362
6301,-5310,-7349
6249,-5382,-7323
6210,-5417,-7339
6159,-5462,-7356
6114,-5498,-7392
6127,-5500,-7377
6112,-5522,-7348
6105,-5496,-7362
6088,-5509,-7378
6095,-5522,-7366
6105,-5498,-7335
6121,-5487,-7309
6108,-5492,-7302
6065,-5513,-7322
6050,-5500,-7340
6013,-5513,-7312
5998,-5550,-7309
5994,-5565,-7321
5977,-5607,-7330
5936,-5644,-7355
5876,-5674,-7364
5838,-5702,-7346
5790,-5719,-7336
5760,-5753,-7342
5664,-5785,-7288
5598,-5805,-7327
5555,-5850,-7363
5516,-5897,-7380
5413,-5940,-7364
5321,-5948,-7358
5244,-5982,-7398
5152,-6030,-7397
4993,-6092,-7401
4920,-6111,-7426
4873,-6120,-7412
4807,-6130,-7402
4681,-6137,-7431
4595,-6152,-7459
4501,-6186,-7424
4434,-6195,-7414
4366,-6179,-7399
4314,-6173,-7396
4280,-6201,-7420
4209,-6207,-7436
4162,-6242,-7483
4123,-6252,-7447
4098,-6242,-7458
4121,-6257,-7450
4141,-6240,-7480
4117,-6224,-7464
4100,-6240,-7439
4104,-6246,-7450
4123,-6248,-7469
4098,-6261,-7462
4095,-6229,-7435
4083,-6239,-7462
4085,-6250,-7485
4078,-6263,-7493
4057,-6257,-7485
4065,-6257,-7433
4055,-6263,-7429
4050,-6244,-7485
4044,-6248,-7478
4031,-6265,-7471
4027,-6255,-7422
4027,-6250,-7389
4051,-6227,-7405
4051,-6209,-7417
4033,-6199,-7431
4048,-6195,-7423
4070,-6171,-7441
4093,-6197,-7427
4061,-6205,-7464
4059,-6225,-7450
4070,-6209,-7450
4068,-6227,-7432
4061,-6220,-7435
4053,-6218,-7432
4068,-6209,-7447
4072,-6201,-7453
4050,-6192,-7487
4033,-6192,-7453
4040,-6180,-7479
4050,-6210,-7447
4044,-6240,-7414
4040,-6209,-7458
4035,-6220,-7477
4042,-6207,-7513
4036,-6207,-7509
4051,-6195,-7502
4066,-6192,-7494
4065,-6171,-7482
4051,-6182,-7464
4063,-6205,-7443
4020,-6224,-7436
4027,-6205,-7402
4023,-6210,-7433
3952,-6209,-7475
3840,-6201,-7480
3742,-6199,-7511
3618,-6173,-7515
3525,-6167,-7539
3474,-6160,-7525
3431,-6160,-7541
3245,-6115,-7513
3116,-6087,-7469
2985,-6055,-7522
2910,-6036,-7552
2889,-6034,-7541
2866,-6036,-7478
2851,-6049,-7434
2799,-6002,-7452
2700,-5937,-7466
2591,-5920,-7513
2439,-5897,-7499
2347,-5847,-7514
2266,-5824,-7541
2086,-5719,-7544
1923,-5620,-7569
1745,-5522,-7611
1554,-5395,-7636
1445,-5309,-7624
1366,-5205,-7618
1186,-4997,-7604
1012,-4823,-7593
841,-4622,-7627
716,-4384,-7629
658,-4285,-7600
551,-4135,-7624
376,-3600,-7651
266,-3177,-7655
172,-2856,-7695
129,-2586,-7750
120,-2429,-7697
127,-2185,-7675
275,-1530,-7738
483,-910,-7764
748,-269,-7743
1029,22,-7730
1081,88,-7724
1117,155,-7740
1276,318,-7722
1434,466,-7758
1554,558,-7768
1642,620,-7766
1659,660,-7765
1755,708,-7749
1980,826,-7736
2115,915,-7756
2180,971,-7747
2229,995,-7782
2306,1016,-7806
2375,1040,-7774
2508,1091,-7782
2628,1134,-7779
2709,1158,-7762
2808,1207,-7745
2866,1222,-7731
2915,1216,-7750
3000,1237,-7718
3112,1246,-7705
3185,1245,-7711
3283,1260,-7720
3343,1280,-7734
3427,1291,-7717
3598,1331,-7694
3701,1344,-7674
3804,1316,-7646
3950,1297,-7645
4078,1278,-7663
4132,1261,-7654
4233,1275,-7652
4306,1273,-7651
4368,1228,-7636
4441,1231,-7616
4470,1231,-7631
4488,1237,-7623
4501,1194,-7661
4500,1177,-7662
4501,1203,-7676
4501,1231,-7698
4486,1224,-7698
4486,1200,-7661
4539,1190,-7650
4620,1168,-7672
4755,1111,-7679
5030,1042,-7677
5263,948,-7623
5445,903,-7618
5501,896,-7638
5535,896,-7648
5572,849,-7629
5730,727,-7642
5840,660,-7635
5923,594,-7621
6080,489,-7626
6223,376,-7608
6330,270,-7572
6525,118,-7529
6626,24,-7542
6706,-77,-7570
6778,-207,-7588
6843,-334,-7582
6903,-435,-7578
6973,-569,-7596
7035,-638,-7597
7074,-737,-7566
7166,-893,-7535
7216,-998,-7505
7256,-1086,-7528
7320,-1169,-7523
7350,-1247,-7517
7366,-1392,-7487
7408,-1534,-7484
7428,-1626,-7501
7460,-1737,-7482
7505,-1860,-7463
7507,-1926,-7469
7513,-2020,-7453
7524,-2215,-7414
7560,-2434,-7427
7548,-2663,-7439
7554,-2899,-7419
7546,-2939,-7417
7509,-2995,-7434
7488,-3090,-7412
7492,-3160,-7428
7466,-3214,-7446
7479,-3257,-7417
7483,-3312,-7423
7492,-3353,-7435
7456,-3415,-7452
7438,-3447,-7460
7415,-3497,-7426
7385,-3614,-7425
7365,-3692,-7424
7338,-3803,-7425
7273,-3951,-7434
7226,-4050,-7446
7211,-4114,-7403
7138,-4259,-7413
7080,-4334,-7457
7046,-4379,-7420
7020,-4472,-7436
7003,-4512,-7471
6982,-4530,-7441
6990,-4562,-7435
7012,-4566,-7454
7003,-4544,-7420
7008,-4517,-7419
7003,-4514,-7468
6991,-4538,-7465
6941,-4604,-7493
6924,-4637,-7509
6900,-4699,-7497
6862,-4748,-7518
6826,-4782,-7531
6810,-4785,-7475
6770,-4823,-7422
6772,-4896,-7457
6780,-4883,-7479
6742,-4881,-7441
6721,-4859,-7444
6729,-4847,-7452
6714,-4881,-7450
6716,-4896,-7447
6736,-4919,-7446
6716,-4947,-7456
6688,-4950,-7493
6661,-4949,-7486
6633,-4995,-7466
6598,-5033,-7463
6583,-5050,-7449
6570,-5029,-7453
6581,-4999,-7467
6579,-5025,-7431
6579,-5044,-7382
6556,-5065,-7409
6502,-5108,-7426
6476,-5134,-7427
6506,-5151,-7435
6500,-5153,-7409
6461,-5175,-7418
6442,-5220,-7442
6442,-5247,-7405
6380,-5252,-7418
6367,-5249,-7444
6375,-5264,-7452
6350,-5295,-7475
6330,-5327,-7444
6292,-5342,-7451
6285,-5348,-7463
6316,-5331,-7444
6322,-5305,-7409
6322,-5301,-7428
6309,-5327,-7421
6298,-5331,-7376
6245,-5384,-7394
6219,-5425,-7444
6189,-5459,-7461
6095,-5541,-7424
6018,-5584,-7373
5996,-5607,-7413
5951,-5612,-7477
5895,-5610,-7444
5893,-5620,-7436
5919,-5648,-7471
5923,-5644,-7448
5904,-5652,-7426
5885,-5682,-7417
5876,-5680,-7405
5881,-5655,-7397
5878,-5654,-7408
5866,-5650,-7408
5889,-5655,-7370
5940,-5652,-7407
5945,-5661,-7426
5945,-5655,-7456
5887,-5629,-7445
5880,-5629,-7392
5900,-5616,-7387
5964,-5601,-7405
5970,-5590,-7445
5968,-5584,-7449
5949,-5571,-7443
5960,-5567,-7463
5964,-5564,-7482
5958,-5584,-7453
5910,-5610,-7402
5861,-5655,-7427
5760,-5708,-7476
5658,-5730,-7463
5628,-5734,-7441
5675,-5740,-7444
5696,-5744,-7459
5660,-5762,-7471
5651,-5775,-7468
5626,-5781,-7446
5589,-5794,-7462
5546,-5817,-7504
5488,-5843,-7503
5416,-5865,-7486
5400,-5914,-7461
5411,-5892,-7453
5413,-5847,-7462
5321,-5903,-7473
5259,-5925,-7452
5223,-5942,-7446
5116,-6002,-7484
5034,-6040,-7456
4955,-6083,-7490
4691,-6145,-7517
4355,-6203,-7534
3931,-6233,-7535
3399,-6209,-7505
3211,-6180,-7519
3037,-6145,-7547
2716,-6029,-7567
2486,-5954,-7561
2313,-5895,-7599
2171,-5837,-7630
2086,-5790,-7584
2023,-5736,-7602
2002,-5723,-7583
1987,-5742,-7557
1996,-5760,-7585
1961,-5742,-7607
1951,-5729,-7622
1944,-5729,-7611
1863,-5674,-7640
1790,-5605,-7659
1691,-5522,-7627
1464,-5354,-7626
1336,-5265,-7655
1222,-5155,-7653
1050,-4934,-7649
943,-4804,-7647
836,-4701,-7662
701,-4510,-7686
637,-4382,-7679
588,-4304,-7677
508,-4125,-7699
446,-4013,-7742
397,-3912,-7777
395,-3724,-7771
369,-3614,-7749
298,-3503,-7747
211,-3242,-7789
191,-3107,-7823
155,-2993,-7815
121,-2819,-7755
120,-2723,-7730
120,-2577,-7785
133,-2423,-7767
127,-2331,-7739
123,-2217,-7732
120,-2042,-7779
125,-1973,-7803
125,-1868,-7789
165,-1733,-7743
174,-1671,-7717
172,-1664,-7771
170,-1665,-7804
189,-1677,-7748
165,-1665,-7771
180,-1598,-7794
211,-1519,-7847
206,-1497,-7835
226,-1454,-7759
219,-1424,-7769
193,-1452,-7793
221,-1463,-7785
234,-1467,-7789
247,-1414,-7788
221,-1367,-7820
198,-1362,-7850
206,-1334,-7834
270,-1320,-7836
273,-1298,-7869
285,-1255,-7849
296,-1180,-7858
311,-1133,-7890
320,-1114,-7856
335,-1080,-7805
343,-1043,-7808
356,-1037,-7834
399,-1024,-7915
414,-994,-7896
418,-953,-7912
451,-904,-7895
476,-876,-7883
468,-797,-7869
476,-735,-7871
481,-700,-7888
521,-687,-7884
575,-642,-7894
588,-582,-7891
581,-546,-7875
583,-527,-7885
596,-524,-7885
620,-482,-7873
626,-479,-7846
663,-477,-7852
678,-462,-7916
678,-392,-7933
693,-325,-7934
759,-289,-7921
802,-250,-7907
838,-177,-7874
862,-152,-7862
901,-98,-7856
933,-45,-7884
1029,63,-7909
1111,148,-7905
1278,315,-7894
1338,388,-7879
1443,485,-7889
1558,545,-7896
1670,603,-7919
1861,725,-7897
2045,843,-7873
2156,885,-7898
2295,969,-7880
2343,1001,-7893
2371,1010,-7899
2390,1031,-7872
2461,1050,-7800
2520,1055,-7791
2655,1087,-7841
2741,1117,-7872
2872,1132,-7873
2975,1170,-7829
3195,1218,-7790
3307,1213,-7808
3493,1235,-7826
3609,1228,-7813
3819,1235,-7803
4091,1235,-7799
4363,1171,-7796
4580,1136,-7756
4723,1119,-7736
4852,1072,-7780
5064,1021,-7760
5248,950,-7745
5283,909,-7786
5311,892,-7768
5353,849,-7768
5446,821,-7767
5670,721,-7767
5788,650,-7748
6011,511,-7702
6138,391,-7695
6391,185,-7664
6560,45,-7613
6778,-179,-7546
6868,-306,-7585
6993,-490,-7604
7031,-578,-7600
7074,-719,-7591
7141,-803,-7597
7196,-897,-7622
7209,-932,-7604
7231,-994,-7598
7231,-1041,-7626
7297,-1159,-7650
7344,-1240,-7615
7363,-1371,-7576
7378,-1433,-7586
7393,-1478,-7584
7400,-1499,-7592
7426,-1564,-7593
7445,-1645,-7566
7449,-1682,-7559
7456,-1703,-7571
7494,-1787,-7558
7496,-1857,-7542
7477,-1911,-7518
7507,-1950,-7540
7531,-1982,-7556
7513,-2091,-7537
7505,-2190,-7499
7533,-2277,-7495
7545,-2361,-7493
7548,-2447,-7492
7552,-2552,-7518
7582,-2659,-7528
7541,-2751,-7524
7507,-2837,-7519
7539,-2894,-7502
7516,-2967,-7482
7494,-3077,-7490
7479,-3150,-7481
7475,-3218,-7468
7496,-3265,-7477
7496,-3278,-7447
7468,-3278,-7455
7464,-3300,-7464
7490,-3314,-7482
7501,-3293,-7458
7471,-3308,-7445
7438,-3306,-7483
7423,-3315,-7487
7423,-3390,-7512
7415,-3473,-7522
7365,-3552,-7518
7357,-3593,-7490
7366,-3610,-7485
7331,-3659,-7492
7303,-3756,-7489
7265,-3872,-7485
7250,-3936,-7491
7248,-3940,-7521
7228,-3975,-7500
7209,-4022,-7497
7123,-4112,-7501
7078,-4165,-7452
7051,-4249,-7454
7044,-4270,-7470
7046,-4300,-7493
7063,-4324,-7502
7059,-4347,-7476
7044,-4350,-7476
7070,-4367,-7439
7044,-4371,-7417
7010,-4394,-7407
7016,-4435,-7427
6971,-4491,-7471
6958,-4512,-7450
6943,-4525,-7439
6935,-4529,-7424
6937,-4542,-7412
6937,-4568,-7447
6870,-4641,-7477
6843,-4675,-7506
6828,-4701,-7513
6774,-4765,-7494
6714,-4840,-7486
6688,-4889,-7495
6600,-4952,-7498
6581,-5014,-7493
6547,-5050,-7491
6487,-5070,-7470
6388,-5130,-7467
6294,-5226,-7459
6271,-5288,-7492
6225,-5348,-7539
6097,-5412,-7510
6058,-5438,-7503
5973,-5539,-7486
5898,-5573,-7465
5803,-5614,-7532
5756,-5644,-7556
5692,-5661,-7535
5656,-5670,-7558
5482,-5747,-7541
5317,-5828,-7520
5043,-5942,-7524
4910,-6000,-7535
4775,-6045,-7587
4698,-6081,-7583
4631,-6126,-7600
4616,-6154,-7567
4599,-6137,-7522
4584,-6139,-7574
4516,-6165,-7606
4428,-6160,-7577
4378,-6180,-7527
4278,-6227,-7522
3935,-6209,-7539
3791,-6192,-7528
3678,-6218,-7531
3646,-6220,-7551
3618,-6201,-7569
3566,-6194,-7574
3465,-6186,-7556
3423,-6190,-7572
3356,-6152,-7568
3348,-6160,-7579
3315,-6229,-7597
3311,-6225,-7575
3320,-6205,-7536
3318,-6177,-7521
3301,-6186,-7566
3275,-6186,-7581
3275,-6177,-7578
3281,-6190,-7589
3303,-6177,-7589
3320,-6175,-7577
3322,-6201,-7608
3294,-6192,-7563
3241,-6167,-7566
3223,-6171,-7548
3232,-6156,-7559
3236,-6135,-7547
3303,-6128,-7561
3412,-6149,-7578
3436,-6179,-7564
3431,-6192,-7564
3523,-6210,-7586
3615,-6195,-7573
3720,-6169,-7555
3742,-6188,-7571
3742,-6212,-7583
3673,-6237,-7558
3583,-6231,-7541
3588,-6212,-7555
3607,-6235,-7577
3609,-6222,-7559
3609,-6195,-7546
3622,-6207,-7550
3579,-6216,-7567
3476,-6207,-7571
3285,-6180,-7548
3236,-6171,-7548
3223,-6186,-7545
3148,-6162,-7534
3005,-6104,-7569
2818,-6044,-7557
2593,-5957,-7555
2467,-5950,-7590
2319,-5905,-7584
2208,-5852,-7572
2126,-5802,-7580
2146,-5787,-7601
2124,-5796,-7636
2066,-5804,-7633
2066,-5766,-7651
2092,-5759,-7669
2107,-5792,-7607
2118,-5783,-7564
2081,-5755,-7568
2030,-5747,-7606
1925,-5682,-7620
1891,-5644,-7545
1848,-5637,-7527
1813,-5607,-7590
1779,-5562,-7623
1745,-5571,-7613
1725,-5554,-7575
1685,-5490,-7577
1590,-5395,-7598
1552,-5359,-7612
1526,-5376,-7652
1455,-5346,-7648
1335,-5239,-7695
1269,-5162,-7660
1220,-5099,-7647
1155,-5046,-7687
1072,-4969,-7672
1027,-4913,-7655
946,-4797,-7634
916,-4724,-7640
853,-4673,-7719
836,-4647,-7714
845,-4592,-7667
800,-4525,-7677
716,-4403,-7685
650,-4343,-7684
528,-4219,-7671
472,-4097,-7699
450,-3985,-7699
429,-3929,-7709
384,-3842,-7701
318,-3745,-7717
247,-3629,-7722
296,-3604,-7712
300,-3585,-7701
234,-3540,-7730
202,-3424,-7708
200,-3377,-7714
206,-3377,-7755
211,-3370,-7744
189,-3276,-7738
183,-3218,-7777
165,-3075,-7758
135,-2837,-7724
110,-2586,-7766
106,-2479,-7744
135,-2267,-7687
129,-2091,-7737
159,-1755,-7810
195,-1551,-7818
273,-1330,-7848
356,-1178,-7834
412,-990,-7797
440,-897,-7810
566,-704,-7828
680,-507,-7823
810,-319,-7811
960,-162,-7847
1153,33,-7869
1239,114,-7848
1338,253,-7813
1411,360,-7824
1526,487,-7843
1629,541,-7840
1723,616,-7825
1803,686,-7802
1959,825,-7818
2002,862,-7805
2055,866,-7743
2096,890,-7799
2160,915,-7801
2255,937,-7798
2360,1006,-7791
2340,1012,-7780
2341,991,-7804
2396,1001,-7794
2506,1035,-7776
2561,1070,-7782
2694,1080,-7791
2788,1087,-7771
2921,1132,-7778
3033,1177,-7790
3181,1245,-7775
3243,1265,-7758
3305,1265,-7768
3346,1248,-7783
3538,1245,-7807
3714,1275,-7799
3931,1278,-7781
4010,1231,-7770
4145,1216,-7727
4237,1239,-7743
4438,1222,-7740
4558,1200,-7713
4580,1183,-7718
4591,1173,-7740
4644,1132,-7770
4702,1113,-7725
4770,1145,-7641
4790,1113,-7672
4837,1089,-7716
4903,1087,-7693
5026,1042,-7658
5081,991,-7674
5101,976,-7701
5126,958,-7723
5158,920,-7754
5190,913,-7749
5281,885,-7742
5347,826,-7705
5413,755,-7706
5493,699,-7749
5585,590,-7780
5625,581,-7720
5673,560,-7716
5685,585,-7767
5715,566,-7782
5763,560,-7755
5797,517,-7722
5776,517,-7722
5801,530,-7707
5853,495,-7737
5880,472,-7750
5902,453,-7719
5941,410,-7721
5938,408,-7706
5981,390,-7645
6048,375,-7667
6063,341,-7698
6061,316,-7662
6093,341,-7641
6031,376,-7708
5994,408,-7697
5988,421,-7685
5971,446,-7670
5996,468,-7646
5971,478,-7665
5956,478,-7684
5973,465,-7669
5985,442,-7677
6009,429,-7651
6026,455,-7645
6043,423,-7691
6090,393,-7699
6189,307,-7731
6316,211,-7698
6500,16,-7664
6601,-98,-7647
6765,-308,-7636
6856,-450,-7643
7036,-687,-7553
7119,-805,-7511
7170,-1002,-7565
7205,-1071,-7563
7275,-1227,-7563
7327,-1296,-7590
7344,-1277,-7593
7346,-1277,-7597
7336,-1285,-7545
7305,-1300,-7560
7336,-1309,-7590
7333,-1292,-7594
7310,-1240,-7622
7291,-1174,-7587
7233,-1084,-7551
7260,-1086,-7547
7280,-1133,-7583
7246,-1120,-7571
7265,-1109,-7533
7282,-1112,-7567
7293,-1124,-7583
7291,-1140,-7538
7273,-1152,-7542
7256,-1142,-7571
7331,-1191,-7546
7350,-1270,-7526
7353,-1371,-7525
7395,-1431,-7533
7391,-1476,-7539
7389,-1514,-7533
7425,-1641,-7509
7449,-1776,-7502
7505,-1969,-7511
7545,-2089,-7504
7550,-2331,-7454
7558,-2464,-7451
7597,-2571,-7484
7616,-2629,-7482
7558,-2849,-7437
7509,-3062,-7447
7473,-3340,-7476
7436,-3539,-7452
7346,-3816,-7418
7290,-3966,-7423
7275,-4045,-7374
7256,-4088,-7405
7226,-4182,-7442
7215,-4217,-7428
7183,-4266,-7442
7123,-4362,-7419
6828,-4806,-7416
6435,-5232,-7435
5913,-5609,-7477
5653,-5796,-7510
5428,-5933,-7514
5298,-5993,-7496
5116,-6045,-7481
5092,-6036,-7477
5056,-6066,-7490
4950,-6115,-7456
4876,-6145,-7488
4820,-6145,-7519
4693,-6143,-7490
4668,-6128,-7446
4702,-6143,-7482
4672,-6179,-7504
4560,-6199,-7502
4451,-6210,-7478
4291,-6261,-7489
4188,-6265,-7479
4117,-6265,-7544
4089,-6265,-7553
4110,-6250,-7522
4070,-6269,-7541
3898,-6267,-7526
3853,-6269,-7537
3626,-6287,-7542
3406,-6235,-7498
3330,-6201,-7520
3288,-6203,-7563
3153,-6186,-7572
3000,-6165,-7552
2857,-6072,-7588
2818,-6059,-7611
2731,-6072,-7568
2632,-6025,-7549
2521,-5969,-7560
2469,-5955,-7579
2428,-5980,-7581
2392,-5952,-7596
2295,-5882,-7629
2203,-5850,-7625
2107,-5766,-7584
2041,-5700,-7583
1843,-5603,-7613
1659,-5487,-7615
1515,-5350,-7666
1393,-5260,-7695
1177,-5057,-7707
1066,-4913,-7708
913,-4776,-7713
832,-4669,-7760
710,-4465,-7759
639,-4328,-7768
506,-4105,-7785
444,-3990,-7741
412,-3867,-7726
348,-3771,-7743
262,-3486,-7761
181,-3177,-7758
133,-3053,-7780
121,-2909,-7750
99,-2723,-7756
99,-2524,-7783
90,-2427,-7798
78,-2333,-7773
97,-2159,-7802
135,-1911,-7781
163,-1662,-7796
198,-1482,-7824
249,-1356,-7835
335,-1110,-7810
418,-893,-7798
487,-730,-7848
588,-542,-7844
678,-379,-7823
766,-250,-7848
877,-117,-7838
976,16,-7855
1036,106,-7847
1211,240,-7856
1389,397,-7855
1509,506,-7854
1676,609,-7911
1818,680,-7929
1890,699,-7895
1946,750,-7828
1961,772,-7857
1948,765,-7858
1989,798,-7856
2094,832,-7839
2128,838,-7837
2145,823,-7834
2188,853,-7840
2251,915,-7859
2373,993,-7828
2471,1050,-7860
2529,1057,-7835
2578,1042,-7801
2514,1046,-7844
2510,1065,-7839
2550,1095,-7830
2510,1029,-7859
2375,961,-7844
2101,873,-7807
1815,738,-7841
1700,622,-7843
1554,508,-7816
1338,322,-7813
1211,200,-7816
971,-6,-7792
830,-254,-7738
663,-497,-7741
418,-872,-7742
313,-1116,-7784
260,-1214,-7799
245,-1367,-7818
193,-1562,-7773
168,-1725,-7738
140,-1907,-7710
125,-2057,-7720
112,-2237,-7740
110,-2490,-7759
101,-2682,-7795
106,-2749,-7782
140,-2967,-7739
223,-3413,-7715
296,-3580,-7711
367,-3760,-7720
448,-3996,-7704
562,-4253,-7642
699,-4457,-7591
841,-4564,-7610
907,-4682,-7624
1063,-4926,-7610
1284,-5102,-7578
1406,-5235,-7574
1591,-5434,-7524
1771,-5575,-7523
2015,-5710,-7493
2407,-5875,-7484
2748,-6019,-7439
2874,-6124,-7463
3065,-6177,-7518
3440,-6231,-7502
3691,-6259,-7472
4059,-6246,-7433
4404,-6235,-7449
4582,-6199,-7464
4813,-6134,-7435
5130,-6029,-7379
5368,-5910,-7353
5666,-5787,-7370
5818,-5729,-7446
5878,-5689,-7456
6086,-5535,-7411
6331,-5352,-7400
6412,-5265,-7368
6513,-5172,-7391
6594,-5132,-7451
6660,-5020,-7439
6757,-4889,-7411
6823,-4802,-7435
6900,-4695,-7437
7001,-4536,-7419
7134,-4290,-7387
7215,-4131,-7386
7305,-3884,-7398
7323,-3799,-7428
7344,-3758,-7439
7385,-3627,-7434
7419,-3490,-7396
7425,-3439,-7370
7406,-3450,-7364
7464,-3344,-7390
7513,-3265,-7417
7507,-3261,-7412
7485,-3272,-7429
7496,-3242,-7465
7537,-3134,-7378
7567,-2914,-7401
7558,-2789,-7431
7550,-2552,-7397
7526,-2220,-7418
7490,-1982,-7417
7462,-1703,-7425
7383,-1409,-7447
7160,-895,-7487
6500,75,-7530
5805,712,-7566
5456,901,-7618
5265,1001,-7678
5043,1093,-7623
4828,1155,-7676
4586,1239,-7723
4451,1261,-7709
4366,1261,-7721
4183,1291,-7712
3995,1284,-7681
3909,1278,-7695
3825,1273,-7719
3798,1276,-7682
3806,1280,-7697
3815,1291,-7662
3826,1331,-7683
3843,1312,-7687
3652,1278,-7684
3078,1203,-7687
2525,1072,-7659
2053,905,-7727
1621,616,-7784
1188,240,-7800
856,-122,-7752
699,-257,-7745
583,-415,-7746
476,-619,-7706
382,-839,-7738
339,-968,-7731
320,-1045,-7700
273,-1245,-7695
225,-1386,-7727
174,-1540,-7733
135,-1710,-7712
99,-1829,-7668
90,-2215,-7691
84,-2595,-7696
131,-2865,-7639
189,-3334,-7653
258,-3529,-7662
279,-3621,-7661
324,-3734,-7715
361,-3794,-7639
397,-3869,-7632
489,-4041,-7641
525,-4139,-7650
534,-4150,-7669
594,-4260,-7638
740,-4499,-7583
905,-4709,-7617
1057,-4898,-7614
1055,-4947,-7622
1081,-4986,-7575
1230,-5115,-7504
1383,-5230,-7551
1462,-5322,-7527
1524,-5365,-7523
1640,-5468,-7532
1897,-5595,-7506
2105,-5744,-7508
2145,-5785,-7478
2214,-5802,-7523
2390,-5856,-7522
2626,-5982,-7487
2823,-6025,-7482
2973,-6059,-7489
3076,-6090,-7443
3163,-6096,-7397
3264,-6111,-7448
3384,-6132,-7406
3493,-6180,-7436
3637,-6192,-7490
3759,-6167,-7476
3905,-6182,-7429
4051,-6167,-7370
4162,-6160,-7353
4278,-6134,-7347
4477,-6087,-7294
4610,-6068,-7328
4743,-6036,-7328
4903,-5982,-7317
5094,-5942,-7350
5263,-5895,-7388
5467,-5819,-7404
5593,-5740,-7344
5613,-5704,-7358
5731,-5590,-7341
5964,-5464,-7333
6114,-5397,-7344
6283,-5230,-7321
6495,-5039,-7360
6571,-4915,-7367
6637,-4845,-7367
6766,-4679,-7420
6877,-4497,-7382
7038,-4281,-7377
7196,-3947,-7402
7348,-3555,-7399
7466,-3000,-7364
7473,-2599,-7348
7498,-2367,-7407
7505,-2085,-7410
7408,-1679,-7421
7333,-1379,-7417
7143,-914,-7436
6916,-473,-7488
6817,-295,-7507
6607,24,-7516
6305,217,-7544
6163,322,-7554
5666,697,-7524
5156,993,-7560
4965,1072,-7618
4783,1123,-7622
4719,1128,-7529
4704,1123,-7540
4710,1121,-7582
4659,1166,-7585
4618,1237,-7531
4421,1280,-7518
4230,1303,-7595
4100,1305,-7649
3855,1299,-7642
3622,1306,-7646
3487,1288,-7674
3373,1267,-7677
3238,1271,-7698
3052,1224,-7653
2836,1170,-7628
2760,1156,-7693
2739,1164,-7702
2641,1125,-7666
2531,1059,-7625
2338,990,-7635
1983,821,-7698
1623,609,-7732
1393,440,-7716
913,-40,-7730
616,-467,-7711
493,-690,-7693
378,-900,-7710
341,-1019,-7657
315,-1189,-7664
210,-1515,-7671
108,-1804,-7708
86,-2054,-7697
91,-2442,-7679
88,-2832,-7688
118,-3055,-7683
155,-3261,-7696
198,-3527,-7621
311,-3749,-7556
429,-3979,-7591
510,-4131,-7605
545,-4187,-7554
646,-4358,-7569
916,-4694,-7541
1066,-4859,-7563
1271,-5108,-7609
1462,-5282,-7575
1653,-5444,-7547
1856,-5577,-7529
2011,-5676,-7522
2101,-5751,-7515
2238,-5811,-7545
2351,-5860,-7560
2351,-5858,-7549
2276,-5785,-7551
2225,-5723,-7538
2221,-5736,-7558
2212,-5744,-7558
2146,-5742,-7495
2139,-5749,-7488
2111,-5732,-7523
2115,-5753,-7522
2229,-5817,-7530
2437,-5910,-7548
2630,-5991,-7533
2761,-6019,-7517
3041,-6079,-7533
3455,-6169,-7503
3911,-6175,-7462
4528,-6087,-7443
5032,-5974,-7416
5257,-5918,-7448
5452,-5815,-7418
5715,-5665,-7404
5806,-5624,-7393
5925,-5552,-7423
6095,-5475,-7437
6204,-5382,-7410
6341,-5234,-7432
6472,-5065,-7444
6558,-4952,-7454
6684,-4799,-7436
6847,-4604,-7401
6975,-4448,-7395
7044,-4319,-7363
7076,-4255,-7368
7104,-4172,-7407
7160,-3996,-7430
7241,-3869,-7386
7254,-3812,-7397
7282,-3754,-7398
7293,-3769,-7391
7290,-3760,-7398
7325,-3677,-7421
7336,-3561,-7395
7361,-3486,-7399
7372,-3366,-7388
7411,-3216,-7443
7440,-3045,-7430
7440,-2918,-7411
7456,-2867,-7446
7492,-2813,-7499
7485,-2759,-7469
7475,-2727,-7431
7445,-2715,-7419
7464,-2661,-7425
7488,-2633,-7413
7488,-2594,-7408
7481,-2459,-7441
7485,-2318,-7444
7496,-2312,-7432
7430,-2295,-7421
7419,-2217,-7446
7434,-2177,-7448
7453,-1937,-7402
7376,-1656,-7387
7346,-1485,-7405
7306,-1403,-7443
7293,-1356,-7391
7250,-1275,-7373
7162,-1090,-7407
7119,-975,-7456
7153,-1045,-7432
7201,-1185,-7428
7186,-1157,-7427
7194,-1092,-7421
7183,-1065,-7473
7181,-1067,-7469
7185,-1050,-7479
7186,-1011,-7430
7134,-917,-7428
7110,-850,-7441
7065,-773,-7410
7050,-784,-7398
7061,-801,-7471
7091,-809,-7414
7095,-805,-7444
7085,-812,-7497
7050,-773,-7436
6969,-670,-7400
6911,-606,-7448
6843,-531,-7451
6838,-460,-7430
6819,-413,-7443
6770,-323,-7521
6716,-220,-7465
6697,-173,-7457
6534,-8,-7487
6375,148,-7493
6296,241,-7513
6245,303,-7516
6135,408,-7478
5930,549,-7517
5651,768,-7576
5336,907,-7582
5150,993,-7575
4888,1093,-7553
4790,1140,-7543
4848,1123,-7572
4878,1080,-7532
4788,1125,-7536
4710,1177,-7516
4571,1246,-7588
4485,1267,-7633
4410,1258,-7650
4305,1265,-7632
4239,1265,-7676
4205,1230,-7643
3982,1269,-7656
3690,1282,-7683
3577,1299,-7737
3523,1291,-7677
3483,1295,-7671
3322,1305,-7692
2821,1155,-7703
2373,993,-7719
2036,864,-7783
1770,735,-7813
1605,579,-7737
1411,442,-7677
1128,247,-7744
901,52,-7776
695,-265,-7756
495,-655,-7756
358,-850,-7734
358,-904,-7706
346,-1090,-7787
196,-1365,-7752
116,-1594,-7727
108,-1716,-7728
75,-1844,-7668
99,-2018,-7666
43,-2305,-7669
39,-2449,-7684
54,-2477,-7681
50,-2462,-7692
73,-2502,-7696
56,-2639,-7664
60,-2787,-7699
93,-2826,-7699
76,-2916,-7683
97,-3270,-7702
266,-3664,-7658
315,-3749,-7616
346,-3854,-7626
408,-4000,-7630
463,-4109,-7620
485,-4139,-7576
491,-4133,-7599
534,-4232,-7572
733,-4534,-7554
969,-4825,-7571
1226,-5110,-7553
1575,-5419,-7498
2040,-5774,-7517
2396,-5939,-7471
2806,-6092,-7459
3086,-6149,-7493
3245,-6143,-7457
3579,-6194,-7429
4016,-6180,-7402
4201,-6197,-7406
4368,-6179,-7399
4496,-6158,-7430
4591,-6130,-7462
4659,-6066,-7436
4513,-6105,-7417
4449,-6164,-7446
4434,-6134,-7415
4434,-6145,-7405
4438,-6137,-7374
4421,-6149,-7386
4456,-6143,-7423
4485,-6164,-7396
4466,-6173,-7401
4455,-6162,-7435
4426,-6169,-7412
4438,-6179,-7421
4453,-6179,-7451
4404,-6192,-7448
4288,-6205,-7390
4288,-6209,-7429
4295,-6207,-7404
4329,-6214,-7356
4301,-6203,-7303
4271,-6195,-7353
4301,-6194,-7434
4288,-6205,-7443
4258,-6218,-7410
4275,-6182,-7379
4278,-6195,-7439
4286,-6171,-7430
4383,-6169,-7451
4711,-6102,-7485
4927,-6021,-7441
5325,-5882,-7341
5625,-5717,-7354
5889,-5534,-7369
6247,-5267,-7356
6555,-4994,-7366
6716,-4750,-7397
6868,-4540,-7365
6975,-4403,-7333
7042,-4253,-7370
7198,-3930,-7397
7269,-3801,-7452
7286,-3750,-7447
7301,-3591,-7359
7338,-3415,-7349
7378,-3278,-7363
7415,-3139,-7434
7453,-3008,-7500
7471,-2892,-7466
7488,-2586,-7486
7481,-2425,-7473
